2025-04-23 01:49:21,948 [main] INFO 23nov_coverfox - Hello
2025-04-23 01:49:50,470 [main] INFO 23nov_coverfox - clicking on gender
2025-04-23 01:49:51,627 [main] INFO 23nov_coverfox - click on next button of health plan page
2025-04-23 01:49:58,605 [main] INFO 23nov_coverfox - handle drop down
2025-04-23 01:49:58,835 [main] INFO 23nov_coverfox - click on next button on member details page
2025-04-23 01:49:59,621 [main] INFO 23nov_coverfox - enter pin-code
2025-04-23 01:49:59,885 [main] INFO 23nov_coverfox - enter mobile number
2025-04-23 01:50:00,172 [main] INFO 23nov_coverfox - click on continue button
2025-04-23 01:50:04,889 [main] INFO 23nov_coverfox - closing Browser
2025-04-23 01:53:43,724 [main] INFO 23nov_coverfox - Hello
2025-04-23 01:54:04,745 [main] INFO 23nov_coverfox - clicking on gender
2025-04-23 01:54:08,522 [main] INFO 23nov_coverfox - click on next button of health plan page
2025-04-23 01:54:11,946 [main] INFO 23nov_coverfox - handle drop down
2025-04-23 01:54:12,177 [main] INFO 23nov_coverfox - click on next button on member details page
2025-04-23 01:54:13,236 [main] INFO 23nov_coverfox - enter pin-code
2025-04-23 01:54:13,798 [main] INFO 23nov_coverfox - enter mobile number
2025-04-23 01:54:14,124 [main] INFO 23nov_coverfox - click on continue button
2025-04-23 01:54:18,690 [main] INFO 23nov_coverfox - closing Browser
2025-04-23 01:56:05,954 [main] INFO 23nov_coverfox - Hello
2025-04-23 01:56:22,530 [main] INFO 23nov_coverfox - clicking on gender
