2025-04-23 01:49:21,948 - 23nov_coverfox -INFO - Hello
2025-04-23 01:49:50,470 - 23nov_coverfox -INFO - clicking on gender
2025-04-23 01:49:51,627 - 23nov_coverfox -INFO - click on next button of health plan page
2025-04-23 01:49:58,605 - 23nov_coverfox -INFO - handle drop down
2025-04-23 01:49:58,835 - 23nov_coverfox -INFO - click on next button on member details page
2025-04-23 01:49:59,621 - 23nov_coverfox -INFO - enter pin-code
2025-04-23 01:49:59,885 - 23nov_coverfox -INFO - enter mobile number
2025-04-23 01:50:00,172 - 23nov_coverfox -INFO - click on continue button
2025-04-23 01:50:04,889 - 23nov_coverfox -INFO - closing Browser
2025-04-23 01:53:43,724 - 23nov_coverfox -INFO - Hello
2025-04-23 01:54:04,745 - 23nov_coverfox -INFO - clicking on gender
2025-04-23 01:54:08,522 - 23nov_coverfox -INFO - click on next button of health plan page
2025-04-23 01:54:11,946 - 23nov_coverfox -INFO - handle drop down
2025-04-23 01:54:12,177 - 23nov_coverfox -INFO - click on next button on member details page
2025-04-23 01:54:13,236 - 23nov_coverfox -INFO - enter pin-code
2025-04-23 01:54:13,798 - 23nov_coverfox -INFO - enter mobile number
2025-04-23 01:54:14,124 - 23nov_coverfox -INFO - click on continue button
2025-04-23 01:54:18,690 - 23nov_coverfox -INFO - closing Browser
2025-04-23 01:56:05,954 - 23nov_coverfox -INFO - Hello
2025-04-23 01:56:22,530 - 23nov_coverfox -INFO - clicking on gender
